2024-12-03 14:59:00,445 - INFO - Epoch 1/50
2024-12-03 14:59:03,235 - INFO - Training metrics: {'loss': np.float32(49.328236), 'rmse': 5.235176299563542, 'mae': np.float32(3.8167622), 'ndcg': -0.7430170888934905}
2024-12-03 14:59:03,370 - INFO - Validation metrics: {'loss': np.float32(1.6623892), 'rmse': 0.7236243982181935, 'mae': np.float32(0.427002), 'ndcg': -0.4287475363255061}
2024-12-03 14:59:03,507 - INFO - Saved best model to checkpoints/best_model.pth
2024-12-03 14:59:03,507 - INFO - --------------------------------------------------
2024-12-03 14:59:03,507 - INFO - Epoch 2/50
2024-12-03 14:59:05,840 - INFO - Training metrics: {'loss': np.float32(0.12660196), 'rmse': 0.32795617611737576, 'mae': np.float32(0.25732437), 'ndcg': 0.4298513931819678}
2024-12-03 14:59:05,954 - INFO - Validation metrics: {'loss': np.float32(0.02151345), 'rmse': 0.14549436931668586, 'mae': np.float32(0.117782645), 'ndcg': 0.6420845358536161}
2024-12-03 14:59:06,032 - INFO - Saved best model to checkpoints/best_model.pth
2024-12-03 14:59:06,033 - INFO - --------------------------------------------------
2024-12-03 14:59:06,033 - INFO - Epoch 3/50
2024-12-03 14:59:08,341 - INFO - Training metrics: {'loss': np.float32(0.025523318), 'rmse': 0.1555410404982562, 'mae': np.float32(0.12327421), 'ndcg': 0.7053596382570821}
2024-12-03 14:59:08,459 - INFO - Validation metrics: {'loss': np.float32(0.017938636), 'rmse': 0.13298972297384778, 'mae': np.float32(0.113257535), 'ndcg': 0.6828238727717564}
2024-12-03 14:59:08,543 - INFO - Saved best model to checkpoints/best_model.pth
2024-12-03 14:59:08,544 - INFO - --------------------------------------------------
2024-12-03 14:59:08,544 - INFO - Epoch 4/50
2024-12-03 14:59:10,775 - INFO - Training metrics: {'loss': np.float32(0.018042287), 'rmse': 0.12942227573874435, 'mae': np.float32(0.103578925), 'ndcg': 0.7366032945208771}
2024-12-03 14:59:10,891 - INFO - Validation metrics: {'loss': np.float32(0.007264941), 'rmse': 0.08482757386515911, 'mae': np.float32(0.06858868), 'ndcg': 0.7763933374963957}
2024-12-03 14:59:10,977 - INFO - Saved best model to checkpoints/best_model.pth
2024-12-03 14:59:10,977 - INFO - --------------------------------------------------
2024-12-03 14:59:10,977 - INFO - Epoch 5/50
2024-12-03 14:59:13,322 - INFO - Training metrics: {'loss': np.float32(0.014355242), 'rmse': 0.11564155122212846, 'mae': np.float32(0.093676284), 'ndcg': 0.7953346025112064}
2024-12-03 14:59:13,436 - INFO - Validation metrics: {'loss': np.float32(0.006309411), 'rmse': 0.0786527794736722, 'mae': np.float32(0.064755626), 'ndcg': 0.8223144782000574}
2024-12-03 14:59:13,511 - INFO - Saved best model to checkpoints/best_model.pth
2024-12-03 14:59:13,511 - INFO - --------------------------------------------------
2024-12-03 14:59:13,511 - INFO - Epoch 6/50
2024-12-03 14:59:15,815 - INFO - Training metrics: {'loss': np.float32(0.012403069), 'rmse': 0.10695772390418969, 'mae': np.float32(0.08711286), 'ndcg': 0.8169327009786931}
2024-12-03 14:59:15,922 - INFO - Validation metrics: {'loss': np.float32(0.008908315), 'rmse': 0.09379457871441067, 'mae': np.float32(0.07929833), 'ndcg': 0.8774741682513006}
2024-12-03 14:59:15,961 - INFO - --------------------------------------------------
2024-12-03 14:59:15,961 - INFO - Epoch 7/50
2024-12-03 14:59:18,215 - INFO - Training metrics: {'loss': np.float32(0.0107152965), 'rmse': 0.09843653721321677, 'mae': np.float32(0.08037296), 'ndcg': 0.8523429468158603}
2024-12-03 14:59:18,323 - INFO - Validation metrics: {'loss': np.float32(0.0030963505), 'rmse': 0.054774940894039933, 'mae': np.float32(0.040034544), 'ndcg': 0.9318486822062525}
2024-12-03 14:59:18,402 - INFO - Saved best model to checkpoints/best_model.pth
2024-12-03 14:59:18,403 - INFO - --------------------------------------------------
2024-12-03 14:59:18,403 - INFO - Epoch 8/50
2024-12-03 14:59:20,674 - INFO - Training metrics: {'loss': np.float32(0.009824085), 'rmse': 0.09286201042783554, 'mae': np.float32(0.07624683), 'ndcg': 0.8679526459801105}
2024-12-03 14:59:20,799 - INFO - Validation metrics: {'loss': np.float32(0.0036794937), 'rmse': 0.060221652292906755, 'mae': np.float32(0.049816936), 'ndcg': 0.8767305838650671}
2024-12-03 14:59:20,837 - INFO - --------------------------------------------------
2024-12-03 14:59:20,837 - INFO - Epoch 9/50
2024-12-03 14:59:23,147 - INFO - Training metrics: {'loss': np.float32(0.00959773), 'rmse': 0.0928205933069556, 'mae': np.float32(0.076826826), 'ndcg': 0.8872003721636396}
2024-12-03 14:59:23,261 - INFO - Validation metrics: {'loss': np.float32(0.0024326677), 'rmse': 0.048877266637361534, 'mae': np.float32(0.03862179), 'ndcg': 0.907605962506656}
2024-12-03 14:59:23,343 - INFO - Saved best model to checkpoints/best_model.pth
2024-12-03 14:59:23,343 - INFO - --------------------------------------------------
2024-12-03 14:59:23,343 - INFO - Epoch 10/50
2024-12-03 14:59:25,565 - INFO - Training metrics: {'loss': np.float32(0.021001464), 'rmse': 0.0940090331112965, 'mae': np.float32(0.07562231), 'ndcg': 0.9057113925615946}
2024-12-03 14:59:25,673 - INFO - Validation metrics: {'loss': np.float32(1.3686731), 'rmse': 0.2782028318077487, 'mae': np.float32(0.09144927), 'ndcg': 0.8747490007301857}
2024-12-03 14:59:25,711 - INFO - --------------------------------------------------
2024-12-03 14:59:25,711 - INFO - Epoch 11/50
2024-12-03 14:59:27,863 - INFO - Training metrics: {'loss': np.float32(0.008384033), 'rmse': 0.08461742125333918, 'mae': np.float32(0.07048813), 'ndcg': 0.9008391938468282}
2024-12-03 14:59:27,983 - INFO - Validation metrics: {'loss': np.float32(0.002974022), 'rmse': 0.05423625503758643, 'mae': np.float32(0.04513404), 'ndcg': 0.9288625676056435}
2024-12-03 14:59:28,022 - INFO - --------------------------------------------------
2024-12-03 14:59:28,022 - INFO - Epoch 12/50
2024-12-03 14:59:30,400 - INFO - Training metrics: {'loss': np.float32(0.0088340705), 'rmse': 0.08695468297000108, 'mae': np.float32(0.0727266), 'ndcg': 0.9096153480137965}
2024-12-03 14:59:30,537 - INFO - Validation metrics: {'loss': np.float32(0.003171664), 'rmse': 0.05610661571551828, 'mae': np.float32(0.049888764), 'ndcg': 0.9076011283644314}
2024-12-03 14:59:30,575 - INFO - --------------------------------------------------
2024-12-03 14:59:30,575 - INFO - Epoch 13/50
2024-12-03 14:59:33,323 - INFO - Training metrics: {'loss': np.float32(0.007101826), 'rmse': 0.08030524347107378, 'mae': np.float32(0.06610719), 'ndcg': 0.9180688830309136}
2024-12-03 14:59:33,430 - INFO - Validation metrics: {'loss': np.float32(0.002926496), 'rmse': 0.05376779928454235, 'mae': np.float32(0.04573316), 'ndcg': 0.9386527949366076}
2024-12-03 14:59:33,468 - INFO - --------------------------------------------------
2024-12-03 14:59:33,468 - INFO - Epoch 14/50
2024-12-03 14:59:36,447 - INFO - Training metrics: {'loss': np.float32(0.006625309), 'rmse': 0.07726424227021537, 'mae': np.float32(0.063493125), 'ndcg': 0.9210671625396077}
2024-12-03 14:59:36,578 - INFO - Validation metrics: {'loss': np.float32(0.0024253381), 'rmse': 0.048915416230539174, 'mae': np.float32(0.038917106), 'ndcg': 0.9586812771599869}
2024-12-03 14:59:36,656 - INFO - Saved best model to checkpoints/best_model.pth
2024-12-03 14:59:36,656 - INFO - --------------------------------------------------
2024-12-03 14:59:36,656 - INFO - Epoch 15/50
2024-12-03 14:59:39,656 - INFO - Training metrics: {'loss': np.float32(0.0065007103), 'rmse': 0.07522692647269434, 'mae': np.float32(0.06261239), 'ndcg': 0.9310078544672146}
2024-12-03 14:59:39,846 - INFO - Validation metrics: {'loss': np.float32(0.0032549317), 'rmse': 0.05658876772561349, 'mae': np.float32(0.047320418), 'ndcg': 0.9014857637471166}
2024-12-03 14:59:39,888 - INFO - --------------------------------------------------
2024-12-03 14:59:39,888 - INFO - Epoch 16/50
2024-12-03 14:59:42,750 - INFO - Training metrics: {'loss': np.float32(0.00589233), 'rmse': 0.0712947028753831, 'mae': np.float32(0.058887597), 'ndcg': 0.9344396096791407}
2024-12-03 14:59:42,894 - INFO - Validation metrics: {'loss': np.float32(0.0019372723), 'rmse': 0.043566254966440635, 'mae': np.float32(0.037392426), 'ndcg': 0.9524079191273657}
2024-12-03 14:59:42,980 - INFO - Saved best model to checkpoints/best_model.pth
2024-12-03 14:59:42,980 - INFO - --------------------------------------------------
2024-12-03 14:59:42,980 - INFO - Epoch 17/50
2024-12-03 14:59:45,851 - INFO - Training metrics: {'loss': np.float32(0.005600976), 'rmse': 0.06962826185144189, 'mae': np.float32(0.057531253), 'ndcg': 0.9489649014417515}
2024-12-03 14:59:45,964 - INFO - Validation metrics: {'loss': np.float32(20669.525), 'rmse': 26.728193171903605, 'mae': np.float32(4.7447815), 'ndcg': 0.9653300190794056}
2024-12-03 14:59:46,004 - INFO - --------------------------------------------------
2024-12-03 14:59:46,004 - INFO - Epoch 18/50
2024-12-03 14:59:48,678 - INFO - Training metrics: {'loss': np.float32(0.005577477), 'rmse': 0.06624534747447035, 'mae': np.float32(0.054158036), 'ndcg': 0.9458858749663183}
2024-12-03 14:59:48,795 - INFO - Validation metrics: {'loss': np.float32(0.0018032264), 'rmse': 0.04192932775563243, 'mae': np.float32(0.033295646), 'ndcg': 0.9822220740647152}
2024-12-03 14:59:48,873 - INFO - Saved best model to checkpoints/best_model.pth
2024-12-03 14:59:48,873 - INFO - --------------------------------------------------
2024-12-03 14:59:48,874 - INFO - Epoch 19/50
2024-12-03 14:59:51,329 - INFO - Training metrics: {'loss': np.float32(0.0044857264), 'rmse': 0.06300119593075804, 'mae': np.float32(0.051119335), 'ndcg': 0.9513983426167983}
2024-12-03 14:59:51,470 - INFO - Validation metrics: {'loss': np.float32(0.0010628629), 'rmse': 0.03210486872378706, 'mae': np.float32(0.025058143), 'ndcg': 0.9738172621562563}
2024-12-03 14:59:51,548 - INFO - Saved best model to checkpoints/best_model.pth
2024-12-03 14:59:51,548 - INFO - --------------------------------------------------
2024-12-03 14:59:51,548 - INFO - Epoch 20/50
2024-12-03 14:59:54,124 - INFO - Training metrics: {'loss': np.float32(0.0038081878), 'rmse': 0.05826445571485868, 'mae': np.float32(0.047465295), 'ndcg': 0.9593448343203049}
2024-12-03 14:59:54,269 - INFO - Validation metrics: {'loss': np.float32(0.0011703816), 'rmse': 0.03390040111803084, 'mae': np.float32(0.02694058), 'ndcg': 0.97412109375}
2024-12-03 14:59:54,310 - INFO - --------------------------------------------------
2024-12-03 14:59:54,310 - INFO - Epoch 21/50
2024-12-03 14:59:56,982 - INFO - Training metrics: {'loss': np.float32(0.0050549493), 'rmse': 0.06043135873317578, 'mae': np.float32(0.047569733), 'ndcg': 0.9558157027056513}
2024-12-03 14:59:57,141 - INFO - Validation metrics: {'loss': np.float32(0.0014348676), 'rmse': 0.03685748366859268, 'mae': np.float32(0.02563832), 'ndcg': 0.9749744102872652}
2024-12-03 14:59:57,182 - INFO - --------------------------------------------------
2024-12-03 14:59:57,182 - INFO - Epoch 22/50
2024-12-03 14:59:59,612 - INFO - Training metrics: {'loss': np.float32(0.003983711), 'rmse': 0.057906169772131824, 'mae': np.float32(0.046864383), 'ndcg': 0.9668526942877806}
2024-12-03 14:59:59,733 - INFO - Validation metrics: {'loss': np.float32(0.0009340449), 'rmse': 0.030211355773576518, 'mae': np.float32(0.024592757), 'ndcg': 0.9754468058717662}
2024-12-03 14:59:59,818 - INFO - Saved best model to checkpoints/best_model.pth
2024-12-03 14:59:59,818 - INFO - --------------------------------------------------
2024-12-03 14:59:59,818 - INFO - Epoch 23/50
2024-12-03 15:00:02,427 - INFO - Training metrics: {'loss': np.float32(0.0030371537), 'rmse': 0.051504501327280024, 'mae': np.float32(0.04155279), 'ndcg': 0.969964606355327}
2024-12-03 15:00:02,560 - INFO - Validation metrics: {'loss': np.float32(0.001745328), 'rmse': 0.04162685770503769, 'mae': np.float32(0.037181504), 'ndcg': 0.9817997361051625}
2024-12-03 15:00:02,602 - INFO - --------------------------------------------------
2024-12-03 15:00:02,602 - INFO - Epoch 24/50
2024-12-03 15:00:04,992 - INFO - Training metrics: {'loss': np.float32(0.0034690753), 'rmse': 0.05254802157848656, 'mae': np.float32(0.041893687), 'ndcg': 0.971320687569389}
2024-12-03 15:00:05,114 - INFO - Validation metrics: {'loss': np.float32(0.0005272705), 'rmse': 0.022289826849772012, 'mae': np.float32(0.016423028), 'ndcg': 0.983488405572957}
2024-12-03 15:00:05,198 - INFO - Saved best model to checkpoints/best_model.pth
2024-12-03 15:00:05,199 - INFO - --------------------------------------------------
2024-12-03 15:00:05,199 - INFO - Epoch 25/50
2024-12-03 15:00:07,605 - INFO - Training metrics: {'loss': np.float32(0.002855137), 'rmse': 0.050117173419676565, 'mae': np.float32(0.04045753), 'ndcg': 0.9733217053635176}
2024-12-03 15:00:07,720 - INFO - Validation metrics: {'loss': np.float32(0.00089853565), 'rmse': 0.029682548392638116, 'mae': np.float32(0.024202848), 'ndcg': 0.9793944790445525}
2024-12-03 15:00:07,760 - INFO - --------------------------------------------------
2024-12-03 15:00:07,760 - INFO - Epoch 26/50
2024-12-03 15:00:10,164 - INFO - Training metrics: {'loss': np.float32(0.0026367954), 'rmse': 0.04863898488353074, 'mae': np.float32(0.03880685), 'ndcg': 0.976421712442886}
2024-12-03 15:00:10,281 - INFO - Validation metrics: {'loss': np.float32(0.0016040694), 'rmse': 0.03987607005791063, 'mae': np.float32(0.032963093), 'ndcg': 0.9846086830928408}
2024-12-03 15:00:10,322 - INFO - --------------------------------------------------
2024-12-03 15:00:10,322 - INFO - Epoch 27/50
2024-12-03 15:00:12,711 - INFO - Training metrics: {'loss': np.float32(0.002515071), 'rmse': 0.04608515140143315, 'mae': np.float32(0.037227035), 'ndcg': 0.9794375288856122}
2024-12-03 15:00:12,827 - INFO - Validation metrics: {'loss': np.float32(0.00076343527), 'rmse': 0.02723450141274112, 'mae': np.float32(0.020131847), 'ndcg': 0.9911727494206922}
2024-12-03 15:00:12,872 - INFO - --------------------------------------------------
2024-12-03 15:00:12,872 - INFO - Epoch 28/50
2024-12-03 15:00:15,263 - INFO - Training metrics: {'loss': np.float32(0.002379914), 'rmse': 0.04323016863136771, 'mae': np.float32(0.034433484), 'ndcg': 0.9801896466303242}
2024-12-03 15:00:15,384 - INFO - Validation metrics: {'loss': np.float32(0.0009299159), 'rmse': 0.029935988256217783, 'mae': np.float32(0.021165384), 'ndcg': 0.9876131415367126}
2024-12-03 15:00:15,424 - INFO - --------------------------------------------------
2024-12-03 15:00:15,424 - INFO - Epoch 29/50
2024-12-03 15:00:17,871 - INFO - Training metrics: {'loss': np.float32(0.0018840956), 'rmse': 0.041145884936157125, 'mae': np.float32(0.033143457), 'ndcg': 0.9814682801564535}
2024-12-03 15:00:17,989 - INFO - Validation metrics: {'loss': np.float32(0.0007553748), 'rmse': 0.02644192900119051, 'mae': np.float32(0.018744705), 'ndcg': 0.9814152676483681}
2024-12-03 15:00:18,031 - INFO - --------------------------------------------------
2024-12-03 15:00:18,031 - INFO - Epoch 30/50
2024-12-03 15:00:20,209 - INFO - Training metrics: {'loss': np.float32(0.0018250638), 'rmse': 0.04052336539509912, 'mae': np.float32(0.03259652), 'ndcg': 0.9854828881662946}
2024-12-03 15:00:20,381 - INFO - Validation metrics: {'loss': np.float32(0.00075619476), 'rmse': 0.02536759673526084, 'mae': np.float32(0.017549038), 'ndcg': 0.9856323558708717}
2024-12-03 15:00:20,429 - INFO - --------------------------------------------------
2024-12-03 15:00:20,429 - INFO - Epoch 31/50
2024-12-03 15:00:22,855 - INFO - Training metrics: {'loss': np.float32(0.0016006195), 'rmse': 0.0366502725328599, 'mae': np.float32(0.028858615), 'ndcg': 0.9845437830270722}
2024-12-03 15:00:22,971 - INFO - Validation metrics: {'loss': np.float32(0.0006441829), 'rmse': 0.02521171834041059, 'mae': np.float32(0.020422354), 'ndcg': 0.9923356689255813}
2024-12-03 15:00:23,011 - INFO - --------------------------------------------------
2024-12-03 15:00:23,011 - INFO - Epoch 32/50
2024-12-03 15:00:25,210 - INFO - Training metrics: {'loss': np.float32(0.001317478), 'rmse': 0.03457003963354433, 'mae': np.float32(0.027444992), 'ndcg': 0.9866536915764328}
2024-12-03 15:00:25,324 - INFO - Validation metrics: {'loss': np.float32(0.00024835364), 'rmse': 0.01545885655893897, 'mae': np.float32(0.012052228), 'ndcg': 0.9956280424677092}
2024-12-03 15:00:25,412 - INFO - Saved best model to checkpoints/best_model.pth
2024-12-03 15:00:25,412 - INFO - --------------------------------------------------
2024-12-03 15:00:25,412 - INFO - Epoch 33/50
2024-12-03 15:00:27,633 - INFO - Training metrics: {'loss': np.float32(0.00097147544), 'rmse': 0.02979156951729217, 'mae': np.float32(0.023531016), 'ndcg': 0.9898973296779071}
2024-12-03 15:00:27,741 - INFO - Validation metrics: {'loss': np.float32(0.0004245349), 'rmse': 0.02036708275959986, 'mae': np.float32(0.015753495), 'ndcg': 0.9899531828946081}
2024-12-03 15:00:27,780 - INFO - --------------------------------------------------
2024-12-03 15:00:27,780 - INFO - Epoch 34/50
2024-12-03 15:00:30,085 - INFO - Training metrics: {'loss': np.float32(0.0012576554), 'rmse': 0.03240745548353548, 'mae': np.float32(0.025860652), 'ndcg': 0.9897651358168255}
2024-12-03 15:00:30,202 - INFO - Validation metrics: {'loss': np.float32(0.00047116104), 'rmse': 0.021276112961527465, 'mae': np.float32(0.016480178), 'ndcg': 0.9941091146962396}
2024-12-03 15:00:30,247 - INFO - --------------------------------------------------
2024-12-03 15:00:30,248 - INFO - Epoch 35/50
2024-12-03 15:00:32,518 - INFO - Training metrics: {'loss': np.float32(0.0009648226), 'rmse': 0.029332551384763206, 'mae': np.float32(0.022976495), 'ndcg': 0.9916739888893541}
2024-12-03 15:00:32,638 - INFO - Validation metrics: {'loss': np.float32(0.00033997084), 'rmse': 0.01823906511820079, 'mae': np.float32(0.014099558), 'ndcg': 0.9967522312854898}
2024-12-03 15:00:32,677 - INFO - --------------------------------------------------
2024-12-03 15:00:32,677 - INFO - Epoch 36/50
2024-12-03 15:00:34,956 - INFO - Training metrics: {'loss': np.float32(0.0010921124), 'rmse': 0.031189276588011475, 'mae': np.float32(0.02502169), 'ndcg': 0.9908274282780729}
2024-12-03 15:00:35,097 - INFO - Validation metrics: {'loss': np.float32(0.00027972396), 'rmse': 0.016375099730623826, 'mae': np.float32(0.01274202), 'ndcg': 0.997517061644587}
2024-12-03 15:00:35,136 - INFO - --------------------------------------------------
2024-12-03 15:00:35,137 - INFO - Epoch 37/50
2024-12-03 15:00:37,342 - INFO - Training metrics: {'loss': np.float32(0.0013459316), 'rmse': 0.03092865267377507, 'mae': np.float32(0.024962088), 'ndcg': 0.9909465527811716}
2024-12-03 15:00:37,450 - INFO - Validation metrics: {'loss': np.float32(0.000180695), 'rmse': 0.013172818539753453, 'mae': np.float32(0.010109673), 'ndcg': 0.9958384324764383}
2024-12-03 15:00:37,531 - INFO - Saved best model to checkpoints/best_model.pth
2024-12-03 15:00:37,532 - INFO - --------------------------------------------------
2024-12-03 15:00:37,532 - INFO - Epoch 38/50
2024-12-03 15:00:39,745 - INFO - Training metrics: {'loss': np.float32(0.0012393877), 'rmse': 0.030325508325607445, 'mae': np.float32(0.02384399), 'ndcg': 0.9921801111032796}
2024-12-03 15:00:39,867 - INFO - Validation metrics: {'loss': np.float32(0.00083396037), 'rmse': 0.02874779305992178, 'mae': np.float32(0.025281884), 'ndcg': 0.9945284107635761}
2024-12-03 15:00:39,908 - INFO - --------------------------------------------------
2024-12-03 15:00:39,909 - INFO - Epoch 39/50
2024-12-03 15:00:42,094 - INFO - Training metrics: {'loss': np.float32(0.00084194116), 'rmse': 0.027703064242913265, 'mae': np.float32(0.022254553), 'ndcg': 0.9927322552647702}
2024-12-03 15:00:42,250 - INFO - Validation metrics: {'loss': np.float32(0.00029431618), 'rmse': 0.017042890408231665, 'mae': np.float32(0.014065855), 'ndcg': 0.9961076502142281}
2024-12-03 15:00:42,295 - INFO - --------------------------------------------------
2024-12-03 15:00:42,295 - INFO - Epoch 40/50
2024-12-03 15:00:44,524 - INFO - Training metrics: {'loss': np.float32(0.00094639754), 'rmse': 0.028952747017206522, 'mae': np.float32(0.02327798), 'ndcg': 0.9926093336223631}
2024-12-03 15:00:44,633 - INFO - Validation metrics: {'loss': np.float32(0.00085155887), 'rmse': 0.029015442107676176, 'mae': np.float32(0.023914348), 'ndcg': 0.997613265596587}
2024-12-03 15:00:44,675 - INFO - --------------------------------------------------
2024-12-03 15:00:44,675 - INFO - Epoch 41/50
2024-12-03 15:00:46,926 - INFO - Training metrics: {'loss': np.float32(0.00093303516), 'rmse': 0.029097518401050765, 'mae': np.float32(0.023227038), 'ndcg': 0.9932557168857071}
2024-12-03 15:00:47,079 - INFO - Validation metrics: {'loss': np.float32(0.00026210627), 'rmse': 0.016058845230852936, 'mae': np.float32(0.012826293), 'ndcg': 0.9979107256593376}
2024-12-03 15:00:47,118 - INFO - --------------------------------------------------
2024-12-03 15:00:47,119 - INFO - Epoch 42/50
2024-12-03 15:00:49,376 - INFO - Training metrics: {'loss': np.float32(0.0007234345), 'rmse': 0.025362197190402988, 'mae': np.float32(0.02007557), 'ndcg': 0.9948884477449018}
2024-12-03 15:00:49,486 - INFO - Validation metrics: {'loss': np.float32(0.00019929546), 'rmse': 0.013907208517899262, 'mae': np.float32(0.010882123), 'ndcg': 0.9970547474663833}
2024-12-03 15:00:49,527 - INFO - --------------------------------------------------
2024-12-03 15:00:49,527 - INFO - Epoch 43/50
2024-12-03 15:00:51,811 - INFO - Training metrics: {'loss': np.float32(0.0008434695), 'rmse': 0.02734278782529349, 'mae': np.float32(0.021783417), 'ndcg': 0.9949465874553651}
2024-12-03 15:00:51,922 - INFO - Validation metrics: {'loss': np.float32(0.00023525521), 'rmse': 0.01502241386068664, 'mae': np.float32(0.009854111), 'ndcg': 0.9968372686155911}
2024-12-03 15:00:51,963 - INFO - --------------------------------------------------
2024-12-03 15:00:51,963 - INFO - Epoch 44/50
2024-12-03 15:00:54,283 - INFO - Training metrics: {'loss': np.float32(0.0006327721), 'rmse': 0.02379510125093949, 'mae': np.float32(0.018958027), 'ndcg': 0.9961268532183744}
2024-12-03 15:00:54,415 - INFO - Validation metrics: {'loss': np.float32(0.00017444836), 'rmse': 0.01297735703447372, 'mae': np.float32(0.0094879), 'ndcg': 0.9984493152848606}
2024-12-03 15:00:54,501 - INFO - Saved best model to checkpoints/best_model.pth
2024-12-03 15:00:54,501 - INFO - --------------------------------------------------
2024-12-03 15:00:54,501 - INFO - Epoch 45/50
2024-12-03 15:00:57,318 - INFO - Training metrics: {'loss': np.float32(0.00060558796), 'rmse': 0.023061246420391517, 'mae': np.float32(0.018045444), 'ndcg': 0.9959488665872767}
2024-12-03 15:00:57,445 - INFO - Validation metrics: {'loss': np.float32(0.00011921478), 'rmse': 0.01065680040626937, 'mae': np.float32(0.008302835), 'ndcg': 0.9987706788654985}
2024-12-03 15:00:57,525 - INFO - Saved best model to checkpoints/best_model.pth
2024-12-03 15:00:57,525 - INFO - --------------------------------------------------
2024-12-03 15:00:57,526 - INFO - Epoch 46/50
2024-12-03 15:01:00,426 - INFO - Training metrics: {'loss': np.float32(0.0006374712), 'rmse': 0.023739396094711082, 'mae': np.float32(0.018861318), 'ndcg': 0.9958937787270361}
2024-12-03 15:01:00,555 - INFO - Validation metrics: {'loss': np.float32(0.00015034217), 'rmse': 0.012030967696660604, 'mae': np.float32(0.009110904), 'ndcg': 0.9972408639973608}
2024-12-03 15:01:00,596 - INFO - --------------------------------------------------
2024-12-03 15:01:00,596 - INFO - Epoch 47/50
2024-12-03 15:01:03,526 - INFO - Training metrics: {'loss': np.float32(0.00067910296), 'rmse': 0.02381429248792737, 'mae': np.float32(0.01890575), 'ndcg': 0.9956687337668367}
2024-12-03 15:01:03,649 - INFO - Validation metrics: {'loss': np.float32(0.00013062218), 'rmse': 0.011274395195986399, 'mae': np.float32(0.008891204), 'ndcg': 0.9993395414845697}
2024-12-03 15:01:03,690 - INFO - --------------------------------------------------
2024-12-03 15:01:03,690 - INFO - Epoch 48/50
2024-12-03 15:01:06,806 - INFO - Training metrics: {'loss': np.float32(0.0010733976), 'rmse': 0.025719113864078425, 'mae': np.float32(0.020087002), 'ndcg': 0.995571588360986}
2024-12-03 15:01:06,929 - INFO - Validation metrics: {'loss': np.float32(0.00038428727), 'rmse': 0.01953188258566556, 'mae': np.float32(0.016638905), 'ndcg': 0.9974053954255993}
2024-12-03 15:01:06,973 - INFO - --------------------------------------------------
2024-12-03 15:01:06,973 - INFO - Epoch 49/50
2024-12-03 15:01:09,567 - INFO - Training metrics: {'loss': np.float32(0.000538943), 'rmse': 0.02197138334731074, 'mae': np.float32(0.017376635), 'ndcg': 0.9962223218392956}
2024-12-03 15:01:09,729 - INFO - Validation metrics: {'loss': np.float32(0.00010111553), 'rmse': 0.009802545246790957, 'mae': np.float32(0.0068426956), 'ndcg': 0.9979949593544006}
2024-12-03 15:01:09,814 - INFO - Saved best model to checkpoints/best_model.pth
2024-12-03 15:01:09,814 - INFO - --------------------------------------------------
2024-12-03 15:01:09,814 - INFO - Epoch 50/50
2024-12-03 15:01:12,109 - INFO - Training metrics: {'loss': np.float32(0.0005976452), 'rmse': 0.023050194357859294, 'mae': np.float32(0.018249467), 'ndcg': 0.9960280917873678}
2024-12-03 15:01:12,221 - INFO - Validation metrics: {'loss': np.float32(0.0001449525), 'rmse': 0.01186213566738272, 'mae': np.float32(0.009505224), 'ndcg': 0.9993031559319332}
2024-12-03 15:01:12,270 - INFO - --------------------------------------------------
2024-12-03 15:01:27,193 - INFO - Prepared test dataset with 2286 samples
2024-12-03 15:01:27,926 - WARNING - No samples found for scenario: cold_user_warm_item
2024-12-03 15:01:27,926 - WARNING - No samples found for scenario: warm_user_cold_item
2024-12-03 15:01:28,120 - INFO - 
cold_both Metrics (n=2286):
2024-12-03 15:01:28,121 - INFO - mse: 0.0001
2024-12-03 15:01:28,121 - INFO - rmse: 0.0118
2024-12-03 15:01:28,121 - INFO - mae: 0.0077
2024-12-03 15:01:28,121 - INFO - r2: 0.9993
2024-12-03 15:01:28,121 - INFO - pred_mean: -0.2191
2024-12-03 15:01:28,121 - INFO - pred_std: 0.4650
2024-12-03 15:01:28,121 - INFO - true_mean: -0.2229
2024-12-03 15:01:28,121 - INFO - true_std: 0.4628
2024-12-03 15:01:28,121 - WARNING - No samples found for scenario: warm_both
2024-12-03 15:01:28,122 - INFO - Evaluation completed. Results saved to: metrics
2024-12-03 15:01:28,122 - INFO - 
Evaluation Summary:
2024-12-03 15:01:28,122 - INFO - Basic Metrics:
2024-12-03 15:01:28,122 - INFO - mse: 0.0001
2024-12-03 15:01:28,122 - INFO - rmse: 0.0118
2024-12-03 15:01:28,122 - INFO - mae: 0.0077
2024-12-03 15:01:28,122 - INFO - r2: 0.9993
2024-12-03 15:01:28,122 - INFO - pred_mean: -0.2191
2024-12-03 15:01:28,123 - INFO - pred_std: 0.4650
2024-12-03 15:01:28,123 - INFO - true_mean: -0.2229
2024-12-03 15:01:28,123 - INFO - true_std: 0.4628
2024-12-03 15:01:28,123 - INFO - 
Top-K Metrics:
2024-12-03 15:01:28,123 - INFO - ndcg@10: 0.8274
2024-12-03 15:01:28,123 - INFO - precision@10: 0.0000
2024-12-03 15:01:28,123 - INFO - recall@10: 0.0000
2024-12-03 15:01:28,123 - INFO - 
Bias Analysis:
2024-12-03 15:01:28,123 - INFO - bias_range_2: 0.0023
2024-12-03 15:01:28,123 - INFO - bias_range_3: 0.0080
2024-12-03 15:01:28,123 - INFO - bias_range_4: 0.0025
2024-12-03 15:01:40,420 - INFO - Loading model from /home/josh/Lhydra_rs/data_engineered_v2/checkpoints/best_model.pth
2024-12-03 15:01:40,652 - INFO - Model loaded successfully
2024-12-03 15:03:28,523 - INFO - Prepared test dataset with 2286 samples
2024-12-03 15:03:29,182 - WARNING - No samples found for scenario: cold_user_warm_item
2024-12-03 15:03:29,182 - WARNING - No samples found for scenario: warm_user_cold_item
2024-12-03 15:03:29,404 - INFO - 
cold_both Metrics (n=2286):
2024-12-03 15:03:29,405 - INFO - mse: 0.0001
2024-12-03 15:03:29,405 - INFO - rmse: 0.0118
2024-12-03 15:03:29,405 - INFO - mae: 0.0077
2024-12-03 15:03:29,405 - INFO - r2: 0.9993
2024-12-03 15:03:29,405 - INFO - pred_mean: -0.2191
2024-12-03 15:03:29,405 - INFO - pred_std: 0.4650
2024-12-03 15:03:29,405 - INFO - true_mean: -0.2229
2024-12-03 15:03:29,405 - INFO - true_std: 0.4628
2024-12-03 15:03:29,405 - WARNING - No samples found for scenario: warm_both
2024-12-03 15:03:29,406 - INFO - Evaluation completed. Results saved to: metrics
2024-12-03 15:03:29,406 - INFO - 
Evaluation Summary:
2024-12-03 15:03:29,406 - INFO - Basic Metrics:
2024-12-03 15:03:29,406 - INFO - mse: 0.0001
2024-12-03 15:03:29,406 - INFO - rmse: 0.0118
2024-12-03 15:03:29,406 - INFO - mae: 0.0077
2024-12-03 15:03:29,406 - INFO - r2: 0.9993
2024-12-03 15:03:29,406 - INFO - pred_mean: -0.2191
2024-12-03 15:03:29,406 - INFO - pred_std: 0.4650
2024-12-03 15:03:29,406 - INFO - true_mean: -0.2229
2024-12-03 15:03:29,407 - INFO - true_std: 0.4628
2024-12-03 15:03:29,407 - INFO - 
Top-K Metrics:
2024-12-03 15:03:29,407 - INFO - ndcg@10: 0.8274
2024-12-03 15:03:29,407 - INFO - precision@10: 0.0000
2024-12-03 15:03:29,407 - INFO - recall@10: 0.0000
2024-12-03 15:03:29,407 - INFO - 
Bias Analysis:
2024-12-03 15:03:29,407 - INFO - bias_range_2: 0.0023
2024-12-03 15:03:29,407 - INFO - bias_range_3: 0.0080
2024-12-03 15:03:29,407 - INFO - bias_range_4: 0.0025
2024-12-03 15:04:25,983 - INFO - Prepared test dataset with 2286 samples
2024-12-03 15:08:58,125 - INFO - Prepared test dataset with 2286 samples
2024-12-03 15:08:58,861 - WARNING - No samples found for scenario: cold_user_warm_item
2024-12-03 15:08:58,861 - WARNING - No samples found for scenario: warm_user_cold_item
2024-12-03 15:08:59,087 - INFO - 
cold_both Metrics (n=2286):
2024-12-03 15:08:59,087 - INFO - mse: 0.0001
2024-12-03 15:08:59,087 - INFO - rmse: 0.0118
2024-12-03 15:08:59,087 - INFO - mae: 0.0077
2024-12-03 15:08:59,087 - INFO - r2: 0.9993
2024-12-03 15:08:59,088 - INFO - pred_mean: -0.2191
2024-12-03 15:08:59,088 - INFO - pred_std: 0.4650
2024-12-03 15:08:59,088 - INFO - true_mean: -0.2229
2024-12-03 15:08:59,088 - INFO - true_std: 0.4628
2024-12-03 15:08:59,088 - WARNING - No samples found for scenario: warm_both
2024-12-03 15:08:59,088 - INFO - Evaluation completed. Results saved to: metrics
2024-12-03 15:08:59,089 - INFO - 
Evaluation Summary:
2024-12-03 15:08:59,089 - INFO - Basic Metrics:
2024-12-03 15:08:59,089 - INFO - mse: 0.0001
2024-12-03 15:08:59,089 - INFO - rmse: 0.0118
2024-12-03 15:08:59,089 - INFO - mae: 0.0077
2024-12-03 15:08:59,089 - INFO - r2: 0.9993
2024-12-03 15:08:59,089 - INFO - pred_mean: -0.2191
2024-12-03 15:08:59,089 - INFO - pred_std: 0.4650
2024-12-03 15:08:59,089 - INFO - true_mean: -0.2229
2024-12-03 15:08:59,089 - INFO - true_std: 0.4628
2024-12-03 15:08:59,089 - INFO - 
Top-K Metrics:
2024-12-03 15:08:59,089 - INFO - ndcg@10: 0.8274
2024-12-03 15:08:59,089 - INFO - precision@10: 0.0000
2024-12-03 15:08:59,089 - INFO - recall@10: 0.0000
2024-12-03 15:08:59,089 - INFO - 
Bias Analysis:
2024-12-03 15:08:59,090 - INFO - bias_range_2: 0.0023
2024-12-03 15:08:59,090 - INFO - bias_range_3: 0.0080
2024-12-03 15:08:59,090 - INFO - bias_range_4: 0.0025
2024-12-03 15:09:11,721 - INFO - Loading model from /home/josh/Lhydra_rs/data_engineered_v2/checkpoints/best_model.pth
2024-12-03 15:09:11,955 - INFO - Model loaded successfully
2024-12-03 15:09:39,975 - INFO - Loading model from /home/josh/Lhydra_rs/data_engineered_v2/checkpoints/best_model.pth
2024-12-03 15:09:40,181 - INFO - Model loaded successfully
2024-12-03 15:30:11,408 - INFO - Epoch 1/50
2024-12-03 15:30:13,858 - INFO - Training metrics: {'loss': np.float32(65.933655), 'rmse': 6.753119101661677, 'mae': np.float32(4.927011), 'ndcg': -0.8400754720593492}
2024-12-03 15:30:13,963 - INFO - Validation metrics: {'loss': np.float32(2.387379), 'rmse': 1.482137872130266, 'mae': np.float32(1.039039), 'ndcg': -1.3068432008911823}
2024-12-03 15:30:14,039 - INFO - Saved best model to checkpoints/best_model.pth
2024-12-03 15:30:14,039 - INFO - --------------------------------------------------
2024-12-03 15:30:14,039 - INFO - Epoch 2/50
2024-12-03 15:30:16,032 - INFO - Training metrics: {'loss': np.float32(2.768202), 'rmse': 1.6097147089163761, 'mae': np.float32(1.2096735), 'ndcg': -0.6453596243628954}
2024-12-03 15:30:16,133 - INFO - Validation metrics: {'loss': np.float32(1.2933646), 'rmse': 1.1007055723906987, 'mae': np.float32(0.7300498), 'ndcg': 0.040120218727930354}
2024-12-03 15:30:16,209 - INFO - Saved best model to checkpoints/best_model.pth
2024-12-03 15:30:16,210 - INFO - --------------------------------------------------
2024-12-03 15:30:16,210 - INFO - Epoch 3/50
2024-12-03 15:30:18,212 - INFO - Training metrics: {'loss': np.float32(1.1319418), 'rmse': 1.0308230116161259, 'mae': np.float32(0.7729869), 'ndcg': -0.5111102122847756}
2024-12-03 15:30:18,318 - INFO - Validation metrics: {'loss': np.float32(0.1965271), 'rmse': 0.4350542408560751, 'mae': np.float32(0.34527737), 'ndcg': -0.044718365473993896}
2024-12-03 15:30:18,401 - INFO - Saved best model to checkpoints/best_model.pth
2024-12-03 15:30:18,402 - INFO - --------------------------------------------------
2024-12-03 15:30:18,402 - INFO - Epoch 4/50
2024-12-03 15:30:20,404 - INFO - Training metrics: {'loss': np.float32(0.56356674), 'rmse': 0.7306589522984643, 'mae': np.float32(0.5489398), 'ndcg': 0.030148663392918575}
2024-12-03 15:30:20,520 - INFO - Validation metrics: {'loss': np.float32(0.2150678), 'rmse': 0.4570813497309814, 'mae': np.float32(0.3657828), 'ndcg': 0.3637311055228628}
2024-12-03 15:30:20,559 - INFO - --------------------------------------------------
2024-12-03 15:30:20,559 - INFO - Epoch 5/50
2024-12-03 15:30:22,549 - INFO - Training metrics: {'loss': np.float32(0.26066354), 'rmse': 0.498106926309685, 'mae': np.float32(0.37748733), 'ndcg': 0.37956185489189054}
2024-12-03 15:30:22,656 - INFO - Validation metrics: {'loss': np.float32(0.09718718), 'rmse': 0.3028606665762997, 'mae': np.float32(0.24055499), 'ndcg': 0.6652789753058861}
2024-12-03 15:30:22,740 - INFO - Saved best model to checkpoints/best_model.pth
2024-12-03 15:30:22,740 - INFO - --------------------------------------------------
2024-12-03 15:30:22,740 - INFO - Epoch 6/50
2024-12-03 15:30:24,776 - INFO - Training metrics: {'loss': np.float32(0.15554914), 'rmse': 0.3836745641975782, 'mae': np.float32(0.3024711), 'ndcg': 0.6263996643698305}
2024-12-03 15:30:24,898 - INFO - Validation metrics: {'loss': np.float32(0.057972595), 'rmse': 0.237808339186582, 'mae': np.float32(0.19435158), 'ndcg': 0.7645811870180327}
2024-12-03 15:30:24,980 - INFO - Saved best model to checkpoints/best_model.pth
2024-12-03 15:30:24,980 - INFO - --------------------------------------------------
2024-12-03 15:30:24,980 - INFO - Epoch 7/50
2024-12-03 15:30:27,097 - INFO - Training metrics: {'loss': np.float32(0.08814668), 'rmse': 0.2865399333514331, 'mae': np.float32(0.22451285), 'ndcg': 0.7067815306203408}
2024-12-03 15:30:27,219 - INFO - Validation metrics: {'loss': np.float32(0.022063656), 'rmse': 0.14654669852510321, 'mae': np.float32(0.1191768), 'ndcg': 0.884361339026484}
2024-12-03 15:30:27,300 - INFO - Saved best model to checkpoints/best_model.pth
2024-12-03 15:30:27,300 - INFO - --------------------------------------------------
2024-12-03 15:30:27,301 - INFO - Epoch 8/50
2024-12-03 15:30:29,443 - INFO - Training metrics: {'loss': np.float32(0.06825352), 'rmse': 0.2514995299039025, 'mae': np.float32(0.20101894), 'ndcg': 0.7765631524109563}
2024-12-03 15:30:29,554 - INFO - Validation metrics: {'loss': np.float32(0.010402975), 'rmse': 0.10028529199606213, 'mae': np.float32(0.08038478), 'ndcg': 0.9052784360688308}
2024-12-03 15:30:29,646 - INFO - Saved best model to checkpoints/best_model.pth
2024-12-03 15:30:29,647 - INFO - --------------------------------------------------
2024-12-03 15:30:29,647 - INFO - Epoch 9/50
2024-12-03 15:30:31,631 - INFO - Training metrics: {'loss': np.float32(0.0431009), 'rmse': 0.19884447110504755, 'mae': np.float32(0.15958226), 'ndcg': 0.8033588688040889}
2024-12-03 15:30:31,741 - INFO - Validation metrics: {'loss': np.float32(0.043161977), 'rmse': 0.20208413162946157, 'mae': np.float32(0.17628847), 'ndcg': 0.8565512217324356}
2024-12-03 15:30:31,782 - INFO - --------------------------------------------------
2024-12-03 15:30:31,782 - INFO - Epoch 10/50
2024-12-03 15:30:33,752 - INFO - Training metrics: {'loss': np.float32(0.045324534), 'rmse': 0.20274745442860967, 'mae': np.float32(0.16477159), 'ndcg': 0.8064966550450627}
2024-12-03 15:30:33,854 - INFO - Validation metrics: {'loss': np.float32(0.079414256), 'rmse': 0.22313733945072944, 'mae': np.float32(0.17294058), 'ndcg': 0.9246284036800779}
2024-12-03 15:30:33,895 - INFO - --------------------------------------------------
2024-12-03 15:30:33,895 - INFO - Epoch 11/50
2024-12-03 15:30:35,828 - INFO - Training metrics: {'loss': np.float32(0.036496036), 'rmse': 0.17426133399444668, 'mae': np.float32(0.14094518), 'ndcg': 0.8526640638073747}
2024-12-03 15:30:35,941 - INFO - Validation metrics: {'loss': np.float32(0.0072112083), 'rmse': 0.08435839188609182, 'mae': np.float32(0.06463521), 'ndcg': 0.9569807278698889}
2024-12-03 15:30:36,019 - INFO - Saved best model to checkpoints/best_model.pth
2024-12-03 15:30:36,019 - INFO - --------------------------------------------------
2024-12-03 15:30:36,019 - INFO - Epoch 12/50
2024-12-03 15:30:38,354 - INFO - Training metrics: {'loss': np.float32(0.02422041), 'rmse': 0.1455501618199053, 'mae': np.float32(0.11891665), 'ndcg': 0.8584093988634819}
2024-12-03 15:30:38,458 - INFO - Validation metrics: {'loss': np.float32(0.012714954), 'rmse': 0.11018308577227695, 'mae': np.float32(0.08277423), 'ndcg': 0.7613570587388401}
2024-12-03 15:30:38,498 - INFO - --------------------------------------------------
2024-12-03 15:30:38,498 - INFO - Epoch 13/50
2024-12-03 15:30:40,466 - INFO - Training metrics: {'loss': np.float32(0.023494467), 'rmse': 0.14090710700781836, 'mae': np.float32(0.11381401), 'ndcg': 0.8585433927617332}
2024-12-03 15:30:40,567 - INFO - Validation metrics: {'loss': np.float32(0.0082142595), 'rmse': 0.08962402790421496, 'mae': np.float32(0.064424224), 'ndcg': 0.9635724014249342}
2024-12-03 15:30:40,607 - INFO - --------------------------------------------------
2024-12-03 15:30:40,608 - INFO - Epoch 14/50
2024-12-03 15:30:43,204 - INFO - Training metrics: {'loss': np.float32(0.021115623), 'rmse': 0.13639604100477082, 'mae': np.float32(0.1126747), 'ndcg': 0.874069575422494}
2024-12-03 15:30:43,382 - INFO - Validation metrics: {'loss': np.float32(0.010668106), 'rmse': 0.10290603651737465, 'mae': np.float32(0.09016198), 'ndcg': 0.8734044186000166}
2024-12-03 15:30:43,425 - INFO - --------------------------------------------------
2024-12-03 15:30:43,426 - INFO - Epoch 15/50
2024-12-03 15:30:45,618 - INFO - Training metrics: {'loss': np.float32(0.017948812), 'rmse': 0.12530946257537745, 'mae': np.float32(0.10361874), 'ndcg': 0.8880107355441234}
2024-12-03 15:30:45,729 - INFO - Validation metrics: {'loss': np.float32(0.0053167893), 'rmse': 0.07195905271662809, 'mae': np.float32(0.05486993), 'ndcg': 0.939935223809604}
2024-12-03 15:30:45,812 - INFO - Saved best model to checkpoints/best_model.pth
2024-12-03 15:30:45,812 - INFO - --------------------------------------------------
2024-12-03 15:30:45,812 - INFO - Epoch 16/50
2024-12-03 15:30:48,145 - INFO - Training metrics: {'loss': np.float32(0.017686289), 'rmse': 0.12290111251402804, 'mae': np.float32(0.1002776), 'ndcg': 0.9038936690131362}
2024-12-03 15:30:48,258 - INFO - Validation metrics: {'loss': np.float32(0.009870774), 'rmse': 0.09836842755604201, 'mae': np.float32(0.0810647), 'ndcg': 0.9126561078531988}
2024-12-03 15:30:48,299 - INFO - --------------------------------------------------
2024-12-03 15:30:48,299 - INFO - Epoch 17/50
2024-12-03 15:30:50,317 - INFO - Training metrics: {'loss': np.float32(0.011105764), 'rmse': 0.09805890789592882, 'mae': np.float32(0.08055197), 'ndcg': 0.9214559146600176}
2024-12-03 15:30:50,422 - INFO - Validation metrics: {'loss': np.float32(0.0048143817), 'rmse': 0.06777026215063393, 'mae': np.float32(0.055241942), 'ndcg': 0.979640781879425}
2024-12-03 15:30:50,501 - INFO - Saved best model to checkpoints/best_model.pth
2024-12-03 15:30:50,501 - INFO - --------------------------------------------------
2024-12-03 15:30:50,501 - INFO - Epoch 18/50
2024-12-03 15:30:52,526 - INFO - Training metrics: {'loss': np.float32(0.014203059), 'rmse': 0.11273104071550642, 'mae': np.float32(0.09254753), 'ndcg': 0.9134563281554584}
2024-12-03 15:30:52,646 - INFO - Validation metrics: {'loss': np.float32(0.0024552818), 'rmse': 0.04904898376331536, 'mae': np.float32(0.040506326), 'ndcg': 0.9847845106289305}
2024-12-03 15:30:52,726 - INFO - Saved best model to checkpoints/best_model.pth
2024-12-03 15:30:52,727 - INFO - --------------------------------------------------
2024-12-03 15:30:52,727 - INFO - Epoch 19/50
2024-12-03 15:30:54,735 - INFO - Training metrics: {'loss': np.float32(0.009829958), 'rmse': 0.093362966815077, 'mae': np.float32(0.07731038), 'ndcg': 0.9374646662279617}
2024-12-03 15:30:54,839 - INFO - Validation metrics: {'loss': np.float32(0.005441336), 'rmse': 0.07297015345500744, 'mae': np.float32(0.06050667), 'ndcg': 0.9657557565590431}
2024-12-03 15:30:54,881 - INFO - --------------------------------------------------
2024-12-03 15:30:54,882 - INFO - Epoch 20/50
2024-12-03 15:30:57,116 - INFO - Training metrics: {'loss': np.float32(0.009436089), 'rmse': 0.09215892727564125, 'mae': np.float32(0.076077744), 'ndcg': 0.9363810043464336}
2024-12-03 15:30:57,228 - INFO - Validation metrics: {'loss': np.float32(0.010039576), 'rmse': 0.10001839029740554, 'mae': np.float32(0.093164995), 'ndcg': 0.9829753986720381}
2024-12-03 15:30:57,270 - INFO - --------------------------------------------------
2024-12-03 15:30:57,270 - INFO - Epoch 21/50
2024-12-03 15:30:59,625 - INFO - Training metrics: {'loss': np.float32(0.009447079), 'rmse': 0.08815453894852929, 'mae': np.float32(0.07248523), 'ndcg': 0.9450225515883098}
2024-12-03 15:30:59,733 - INFO - Validation metrics: {'loss': np.float32(0.0013722067), 'rmse': 0.03652315649836367, 'mae': np.float32(0.028074197), 'ndcg': 0.9718152407942147}
2024-12-03 15:30:59,829 - INFO - Saved best model to checkpoints/best_model.pth
2024-12-03 15:30:59,830 - INFO - --------------------------------------------------
2024-12-03 15:30:59,830 - INFO - Epoch 22/50
2024-12-03 15:31:02,106 - INFO - Training metrics: {'loss': np.float32(0.007326557), 'rmse': 0.08032872904971897, 'mae': np.float32(0.066507675), 'ndcg': 0.9538138427937678}
2024-12-03 15:31:02,248 - INFO - Validation metrics: {'loss': np.float32(0.002184891), 'rmse': 0.0462801181189934, 'mae': np.float32(0.035206452), 'ndcg': 0.9619362292618587}
2024-12-03 15:31:02,302 - INFO - --------------------------------------------------
2024-12-03 15:31:02,302 - INFO - Epoch 23/50
2024-12-03 15:31:04,709 - INFO - Training metrics: {'loss': np.float32(0.007460615), 'rmse': 0.081297985219369, 'mae': np.float32(0.0669188), 'ndcg': 0.9554659701132959}
2024-12-03 15:31:04,847 - INFO - Validation metrics: {'loss': np.float32(0.003998493), 'rmse': 0.06265758551439672, 'mae': np.float32(0.052164447), 'ndcg': 0.9455487625352268}
2024-12-03 15:31:04,895 - INFO - --------------------------------------------------
2024-12-03 15:31:04,895 - INFO - Epoch 24/50
2024-12-03 15:31:07,118 - INFO - Training metrics: {'loss': np.float32(0.006842909), 'rmse': 0.07717857823640212, 'mae': np.float32(0.06372063), 'ndcg': 0.9537370410538459}
2024-12-03 15:31:07,282 - INFO - Validation metrics: {'loss': np.float32(0.0015447383), 'rmse': 0.03908103701484387, 'mae': np.float32(0.03221791), 'ndcg': 0.977099753659347}
2024-12-03 15:31:07,323 - INFO - --------------------------------------------------
2024-12-03 15:31:07,323 - INFO - Epoch 25/50
2024-12-03 15:31:09,482 - INFO - Training metrics: {'loss': np.float32(0.0073579247), 'rmse': 0.07633192131709751, 'mae': np.float32(0.062156536), 'ndcg': 0.9600975541181342}
2024-12-03 15:31:09,630 - INFO - Validation metrics: {'loss': np.float32(0.00441663), 'rmse': 0.06357114970603925, 'mae': np.float32(0.053107664), 'ndcg': 0.9763344238544333}
2024-12-03 15:31:09,672 - INFO - --------------------------------------------------
2024-12-03 15:31:09,672 - INFO - Epoch 26/50
2024-12-03 15:31:11,837 - INFO - Training metrics: {'loss': np.float32(0.0058910437), 'rmse': 0.07327223540483484, 'mae': np.float32(0.059766162), 'ndcg': 0.9632339519123698}
2024-12-03 15:31:12,004 - INFO - Validation metrics: {'loss': np.float32(0.001379905), 'rmse': 0.03660989648595332, 'mae': np.float32(0.028509708), 'ndcg': 0.9950213617291944}
2024-12-03 15:31:12,046 - INFO - --------------------------------------------------
2024-12-03 15:31:12,046 - INFO - Epoch 27/50
2024-12-03 15:31:14,233 - INFO - Training metrics: {'loss': np.float32(0.005771473), 'rmse': 0.0691139974776291, 'mae': np.float32(0.05648875), 'ndcg': 0.9652158989924793}
2024-12-03 15:31:14,362 - INFO - Validation metrics: {'loss': np.float32(0.0007833703), 'rmse': 0.027419773796927564, 'mae': np.float32(0.022151716), 'ndcg': 0.9930859454746904}
2024-12-03 15:31:14,446 - INFO - Saved best model to checkpoints/best_model.pth
2024-12-03 15:31:14,447 - INFO - --------------------------------------------------
2024-12-03 15:31:14,447 - INFO - Epoch 28/50
2024-12-03 15:31:16,660 - INFO - Training metrics: {'loss': np.float32(0.0067220354), 'rmse': 0.0711267936192037, 'mae': np.float32(0.05850964), 'ndcg': 0.963863286399102}
2024-12-03 15:31:16,778 - INFO - Validation metrics: {'loss': np.float32(0.0020838405), 'rmse': 0.04488492514440535, 'mae': np.float32(0.03532573), 'ndcg': 0.98915637156059}
2024-12-03 15:31:16,824 - INFO - --------------------------------------------------
2024-12-03 15:31:16,824 - INFO - Epoch 29/50
2024-12-03 15:31:19,085 - INFO - Training metrics: {'loss': np.float32(0.008277813), 'rmse': 0.06851155113876733, 'mae': np.float32(0.05272021), 'ndcg': 0.963495250358138}
2024-12-03 15:31:19,216 - INFO - Validation metrics: {'loss': np.float32(0.006987227), 'rmse': 0.050180274277403514, 'mae': np.float32(0.032481454), 'ndcg': 0.9899594783782959}
2024-12-03 15:31:19,261 - INFO - --------------------------------------------------
2024-12-03 15:31:19,261 - INFO - Epoch 30/50
2024-12-03 15:31:21,498 - INFO - Training metrics: {'loss': np.float32(0.004191143), 'rmse': 0.05982997796392214, 'mae': np.float32(0.048533674), 'ndcg': 0.972451854583829}
2024-12-03 15:31:21,603 - INFO - Validation metrics: {'loss': np.float32(0.0024548606), 'rmse': 0.049253039726228014, 'mae': np.float32(0.041742913), 'ndcg': 0.9820235063289774}
2024-12-03 15:31:21,644 - INFO - --------------------------------------------------
2024-12-03 15:31:21,644 - INFO - Epoch 31/50
2024-12-03 15:31:23,876 - INFO - Training metrics: {'loss': np.float32(0.0033461493), 'rmse': 0.054299083755425505, 'mae': np.float32(0.044036657), 'ndcg': 0.9763723798962527}
2024-12-03 15:31:24,065 - INFO - Validation metrics: {'loss': np.float32(0.002122274), 'rmse': 0.045825360959270846, 'mae': np.float32(0.03778459), 'ndcg': 0.992853596292693}
2024-12-03 15:31:24,111 - INFO - --------------------------------------------------
2024-12-03 15:31:24,111 - INFO - Epoch 32/50
2024-12-03 15:31:26,398 - INFO - Training metrics: {'loss': np.float32(0.0038854522), 'rmse': 0.052734437833479274, 'mae': np.float32(0.043186795), 'ndcg': 0.9813123784323995}
2024-12-03 15:31:26,508 - INFO - Validation metrics: {'loss': np.float32(0.001541088), 'rmse': 0.03894478690996749, 'mae': np.float32(0.03207307), 'ndcg': 0.9846496684797879}
2024-12-03 15:31:26,557 - INFO - --------------------------------------------------
2024-12-03 15:31:26,557 - INFO - Epoch 33/50
2024-12-03 15:31:28,753 - INFO - Training metrics: {'loss': np.float32(0.0038504933), 'rmse': 0.05527096014392832, 'mae': np.float32(0.044803824), 'ndcg': 0.9795366216075513}
2024-12-03 15:31:28,914 - INFO - Validation metrics: {'loss': np.float32(0.0015253267), 'rmse': 0.038729685004634126, 'mae': np.float32(0.033726763), 'ndcg': 0.9937835459051461}
2024-12-03 15:31:28,960 - INFO - --------------------------------------------------
2024-12-03 15:31:28,960 - INFO - Epoch 34/50
2024-12-03 15:31:31,192 - INFO - Training metrics: {'loss': np.float32(0.0025309902), 'rmse': 0.04747538804737218, 'mae': np.float32(0.038858697), 'ndcg': 0.9839578518109728}
2024-12-03 15:31:31,341 - INFO - Validation metrics: {'loss': np.float32(0.0009210079), 'rmse': 0.030082320504812556, 'mae': np.float32(0.026281036), 'ndcg': 0.998002081081785}
2024-12-03 15:31:31,394 - INFO - --------------------------------------------------
2024-12-03 15:31:31,395 - INFO - Epoch 35/50
2024-12-03 15:31:33,682 - INFO - Training metrics: {'loss': np.float32(0.002318721), 'rmse': 0.04555243178951718, 'mae': np.float32(0.036939103), 'ndcg': 0.9861718963745029}
2024-12-03 15:31:33,857 - INFO - Validation metrics: {'loss': np.float32(0.00039505947), 'rmse': 0.01951627854320052, 'mae': np.float32(0.014725765), 'ndcg': 0.9985093947114616}
2024-12-03 15:31:33,941 - INFO - Saved best model to checkpoints/best_model.pth
2024-12-03 15:31:33,941 - INFO - --------------------------------------------------
2024-12-03 15:31:33,941 - INFO - Epoch 36/50
2024-12-03 15:31:36,317 - INFO - Training metrics: {'loss': np.float32(0.0021935974), 'rmse': 0.04465053496592058, 'mae': np.float32(0.03635563), 'ndcg': 0.9863797285298045}
2024-12-03 15:31:36,449 - INFO - Validation metrics: {'loss': np.float32(0.00031737352), 'rmse': 0.01753859530502733, 'mae': np.float32(0.013664763), 'ndcg': 0.9956393817375446}
2024-12-03 15:31:36,542 - INFO - Saved best model to checkpoints/best_model.pth
2024-12-03 15:31:36,542 - INFO - --------------------------------------------------
2024-12-03 15:31:36,542 - INFO - Epoch 37/50
2024-12-03 15:31:38,864 - INFO - Training metrics: {'loss': np.float32(0.0020830755), 'rmse': 0.042689674664668636, 'mae': np.float32(0.03524244), 'ndcg': 0.9871525519578032}
2024-12-03 15:31:38,994 - INFO - Validation metrics: {'loss': np.float32(0.0011122534), 'rmse': 0.03321266292708312, 'mae': np.float32(0.03021856), 'ndcg': 0.9806882759620403}
2024-12-03 15:31:39,037 - INFO - --------------------------------------------------
2024-12-03 15:31:39,037 - INFO - Epoch 38/50
2024-12-03 15:31:41,412 - INFO - Training metrics: {'loss': np.float32(0.002177793), 'rmse': 0.043819648044155654, 'mae': np.float32(0.035919685), 'ndcg': 0.9866515742253887}
2024-12-03 15:31:41,527 - INFO - Validation metrics: {'loss': np.float32(0.0005976902), 'rmse': 0.024160955436792655, 'mae': np.float32(0.01824775), 'ndcg': 0.9898547160214392}
2024-12-03 15:31:41,569 - INFO - --------------------------------------------------
2024-12-03 15:31:41,570 - INFO - Epoch 39/50
2024-12-03 15:31:43,888 - INFO - Training metrics: {'loss': np.float32(0.002498238), 'rmse': 0.04423310973420821, 'mae': np.float32(0.03591305), 'ndcg': 0.9861911493678426}
2024-12-03 15:31:44,023 - INFO - Validation metrics: {'loss': np.float32(0.0004490753), 'rmse': 0.020825466531753697, 'mae': np.float32(0.016573278), 'ndcg': 0.9978525700240299}
2024-12-03 15:31:44,067 - INFO - --------------------------------------------------
2024-12-03 15:31:44,068 - INFO - Epoch 40/50
2024-12-03 15:31:46,609 - INFO - Training metrics: {'loss': np.float32(0.0018317347), 'rmse': 0.04040190281497073, 'mae': np.float32(0.032838788), 'ndcg': 0.9880491520545279}
2024-12-03 15:31:46,744 - INFO - Validation metrics: {'loss': np.float32(0.00045906042), 'rmse': 0.021130044916209356, 'mae': np.float32(0.016117387), 'ndcg': 0.9897584812394504}
2024-12-03 15:31:46,790 - INFO - --------------------------------------------------
2024-12-03 15:31:46,790 - INFO - Epoch 41/50
2024-12-03 15:31:49,563 - INFO - Training metrics: {'loss': np.float32(0.002490177), 'rmse': 0.04043759311015728, 'mae': np.float32(0.03278344), 'ndcg': 0.9887383261392283}
2024-12-03 15:31:49,679 - INFO - Validation metrics: {'loss': np.float32(0.0006337042), 'rmse': 0.024898042745027268, 'mae': np.float32(0.02155383), 'ndcg': 0.9842946673261708}
2024-12-03 15:31:49,725 - INFO - --------------------------------------------------
2024-12-03 15:31:49,725 - INFO - Epoch 42/50
2024-12-03 15:31:52,300 - INFO - Training metrics: {'loss': np.float32(0.0016326774), 'rmse': 0.0382178097961287, 'mae': np.float32(0.030915866), 'ndcg': 0.9882173448107964}
2024-12-03 15:31:52,462 - INFO - Validation metrics: {'loss': np.float32(0.00045457744), 'rmse': 0.020994122914665094, 'mae': np.float32(0.016285434), 'ndcg': 0.9944697618484497}
2024-12-03 15:31:52,503 - INFO - --------------------------------------------------
2024-12-03 15:31:52,504 - INFO - Epoch 43/50
2024-12-03 15:31:54,933 - INFO - Training metrics: {'loss': np.float32(0.0014028837), 'rmse': 0.035353842288186, 'mae': np.float32(0.028577609), 'ndcg': 0.9907414656738902}
2024-12-03 15:31:55,125 - INFO - Validation metrics: {'loss': np.float32(0.00030544685), 'rmse': 0.017001740278704745, 'mae': np.float32(0.013894869), 'ndcg': 0.9984902081818416}
2024-12-03 15:31:55,209 - INFO - Saved best model to checkpoints/best_model.pth
2024-12-03 15:31:55,209 - INFO - --------------------------------------------------
2024-12-03 15:31:55,209 - INFO - Epoch 44/50
2024-12-03 15:31:57,643 - INFO - Training metrics: {'loss': np.float32(0.0012183186), 'rmse': 0.033017845821116554, 'mae': np.float32(0.026655607), 'ndcg': 0.9919901504073032}
2024-12-03 15:31:57,755 - INFO - Validation metrics: {'loss': np.float32(0.0009113968), 'rmse': 0.029800081955207454, 'mae': np.float32(0.021184899), 'ndcg': 0.9992581544251278}
2024-12-03 15:31:57,806 - INFO - --------------------------------------------------
2024-12-03 15:31:57,806 - INFO - Epoch 45/50
2024-12-03 15:32:00,164 - INFO - Training metrics: {'loss': np.float32(0.0013030205), 'rmse': 0.03377451162452625, 'mae': np.float32(0.027208818), 'ndcg': 0.9915177223756332}
2024-12-03 15:32:00,289 - INFO - Validation metrics: {'loss': np.float32(0.0002548758), 'rmse': 0.015734448760869865, 'mae': np.float32(0.012113222), 'ndcg': 0.9987528776300365}
2024-12-03 15:32:00,378 - INFO - Saved best model to checkpoints/best_model.pth
2024-12-03 15:32:00,378 - INFO - --------------------------------------------------
2024-12-03 15:32:00,378 - INFO - Epoch 46/50
2024-12-03 15:32:02,747 - INFO - Training metrics: {'loss': np.float32(0.0012754403), 'rmse': 0.03377816447922877, 'mae': np.float32(0.027243083), 'ndcg': 0.9912147485008536}
2024-12-03 15:32:02,924 - INFO - Validation metrics: {'loss': np.float32(0.0002650739), 'rmse': 0.015950646163605454, 'mae': np.float32(0.011633561), 'ndcg': 0.9953373012871578}
2024-12-03 15:32:02,969 - INFO - --------------------------------------------------
2024-12-03 15:32:02,969 - INFO - Epoch 47/50
2024-12-03 15:32:05,185 - INFO - Training metrics: {'loss': np.float32(0.0019354188), 'rmse': 0.03561196997906412, 'mae': np.float32(0.02836565), 'ndcg': 0.9907868908819302}
2024-12-03 15:32:05,291 - INFO - Validation metrics: {'loss': np.float32(0.0001499405), 'rmse': 0.011062954477525179, 'mae': np.float32(0.006181823), 'ndcg': 0.9993754152593941}
2024-12-03 15:32:05,378 - INFO - Saved best model to checkpoints/best_model.pth
2024-12-03 15:32:05,378 - INFO - --------------------------------------------------
2024-12-03 15:32:05,378 - INFO - Epoch 48/50
2024-12-03 15:32:07,634 - INFO - Training metrics: {'loss': np.float32(0.0012511419), 'rmse': 0.032411672852301815, 'mae': np.float32(0.026306912), 'ndcg': 0.9929017269796179}
2024-12-03 15:32:07,740 - INFO - Validation metrics: {'loss': np.float32(0.00018339345), 'rmse': 0.013177172933249697, 'mae': np.float32(0.010017956), 'ndcg': 0.9981615892772017}
2024-12-03 15:32:07,785 - INFO - --------------------------------------------------
2024-12-03 15:32:07,785 - INFO - Epoch 49/50
2024-12-03 15:32:09,956 - INFO - Training metrics: {'loss': np.float32(0.0023693014), 'rmse': 0.03507852154273516, 'mae': np.float32(0.028379759), 'ndcg': 0.9924485029638276}
2024-12-03 15:32:10,088 - INFO - Validation metrics: {'loss': np.float32(0.00020419955), 'rmse': 0.013630081418720285, 'mae': np.float32(0.009813231), 'ndcg': 0.9991219639778137}
2024-12-03 15:32:10,129 - INFO - --------------------------------------------------
2024-12-03 15:32:10,130 - INFO - Epoch 50/50
2024-12-03 15:32:12,317 - INFO - Training metrics: {'loss': np.float32(0.0014212618), 'rmse': 0.035483493880846484, 'mae': np.float32(0.028752636), 'ndcg': 0.9912163947903833}
2024-12-03 15:32:12,425 - INFO - Validation metrics: {'loss': np.float32(0.00050911156), 'rmse': 0.022167289070183397, 'mae': np.float32(0.017353302), 'ndcg': 0.9899337702784045}
2024-12-03 15:32:12,468 - INFO - --------------------------------------------------
2024-12-03 15:33:12,086 - INFO - Prepared test dataset with 2286 samples
2024-12-03 15:33:12,791 - WARNING - No samples found for scenario: cold_user_warm_item
2024-12-03 15:33:12,791 - WARNING - No samples found for scenario: warm_user_cold_item
2024-12-03 15:33:12,987 - INFO - 
cold_both Metrics (n=2286):
2024-12-03 15:33:12,987 - INFO - mse: 0.0001
2024-12-03 15:33:12,987 - INFO - rmse: 0.0105
2024-12-03 15:33:12,987 - INFO - mae: 0.0058
2024-12-03 15:33:12,987 - INFO - r2: 0.9995
2024-12-03 15:33:12,987 - INFO - pred_mean: -0.2261
2024-12-03 15:33:12,987 - INFO - pred_std: 0.4618
2024-12-03 15:33:12,987 - INFO - true_mean: -0.2229
2024-12-03 15:33:12,987 - INFO - true_std: 0.4628
2024-12-03 15:33:12,988 - WARNING - No samples found for scenario: warm_both
2024-12-03 15:33:12,988 - INFO - Evaluation completed. Results saved to: metrics
2024-12-03 15:33:12,988 - INFO - 
Evaluation Summary:
2024-12-03 15:33:12,988 - INFO - Basic Metrics:
2024-12-03 15:33:12,988 - INFO - mse: 0.0001
2024-12-03 15:33:12,988 - INFO - rmse: 0.0105
2024-12-03 15:33:12,989 - INFO - mae: 0.0058
2024-12-03 15:33:12,989 - INFO - r2: 0.9995
2024-12-03 15:33:12,989 - INFO - pred_mean: -0.2261
2024-12-03 15:33:12,989 - INFO - pred_std: 0.4618
2024-12-03 15:33:12,989 - INFO - true_mean: -0.2229
2024-12-03 15:33:12,989 - INFO - true_std: 0.4628
2024-12-03 15:33:12,989 - INFO - 
Top-K Metrics:
2024-12-03 15:33:12,989 - INFO - ndcg@10: 0.9976
2024-12-03 15:33:12,989 - INFO - precision@10: 0.9000
2024-12-03 15:33:12,989 - INFO - recall@10: 0.9000
2024-12-03 15:33:12,989 - INFO - 
Bias Analysis:
2024-12-03 15:33:12,989 - INFO - bias_range_2: -0.0030
2024-12-03 15:33:12,989 - INFO - bias_range_3: -0.0011
2024-12-03 15:33:12,990 - INFO - bias_range_4: -0.0055
2024-12-03 15:33:25,767 - INFO - Loading model from /home/josh/Lhydra_rs/data_engineered_v3/checkpoints/best_model.pth
2024-12-03 15:33:25,984 - INFO - Model loaded successfully
2024-12-03 15:45:00,800 - INFO - Prepared test dataset with 2286 samples
2024-12-03 15:45:01,449 - WARNING - No samples found for scenario: cold_user_warm_item
2024-12-03 15:45:01,449 - WARNING - No samples found for scenario: warm_user_cold_item
2024-12-03 15:45:01,643 - INFO - 
cold_both Metrics (n=2286):
2024-12-03 15:45:01,643 - INFO - mse: 0.0001
2024-12-03 15:45:01,644 - INFO - rmse: 0.0105
2024-12-03 15:45:01,644 - INFO - mae: 0.0058
2024-12-03 15:45:01,644 - INFO - r2: 0.9995
2024-12-03 15:45:01,644 - INFO - pred_mean: -0.2261
2024-12-03 15:45:01,644 - INFO - pred_std: 0.4618
2024-12-03 15:45:01,644 - INFO - true_mean: -0.2229
2024-12-03 15:45:01,644 - INFO - true_std: 0.4628
2024-12-03 15:45:01,644 - WARNING - No samples found for scenario: warm_both
2024-12-03 15:45:01,645 - INFO - Evaluation completed. Results saved to: metrics
2024-12-03 15:45:01,645 - INFO - 
Evaluation Summary:
2024-12-03 15:45:01,645 - INFO - Basic Metrics:
2024-12-03 15:45:01,645 - INFO - mse: 0.0001
2024-12-03 15:45:01,645 - INFO - rmse: 0.0105
2024-12-03 15:45:01,645 - INFO - mae: 0.0058
2024-12-03 15:45:01,645 - INFO - r2: 0.9995
2024-12-03 15:45:01,645 - INFO - pred_mean: -0.2261
2024-12-03 15:45:01,645 - INFO - pred_std: 0.4618
2024-12-03 15:45:01,646 - INFO - true_mean: -0.2229
2024-12-03 15:45:01,646 - INFO - true_std: 0.4628
2024-12-03 15:45:01,646 - INFO - 
Top-K Metrics:
2024-12-03 15:45:01,646 - INFO - ndcg@10: 0.9976
2024-12-03 15:45:01,646 - INFO - precision@10: 0.9000
2024-12-03 15:45:01,646 - INFO - recall@10: 0.9000
2024-12-03 15:45:01,646 - INFO - 
Bias Analysis:
2024-12-03 15:45:01,646 - INFO - bias_range_2: -0.0030
2024-12-03 15:45:01,646 - INFO - bias_range_3: -0.0011
2024-12-03 15:45:01,646 - INFO - bias_range_4: -0.0055
2024-12-03 16:04:00,865 - INFO - Prepared test dataset with 2286 samples
2024-12-03 16:04:01,556 - WARNING - No samples found for scenario: cold_user_warm_item
2024-12-03 16:04:01,556 - WARNING - No samples found for scenario: warm_user_cold_item
2024-12-03 16:04:01,751 - INFO - 
cold_both Metrics (n=2286):
2024-12-03 16:04:01,751 - INFO - mse: 0.0001
2024-12-03 16:04:01,751 - INFO - rmse: 0.0105
2024-12-03 16:04:01,751 - INFO - mae: 0.0058
2024-12-03 16:04:01,752 - INFO - r2: 0.9995
2024-12-03 16:04:01,752 - INFO - pred_mean: -0.2261
2024-12-03 16:04:01,752 - INFO - pred_std: 0.4618
2024-12-03 16:04:01,752 - INFO - true_mean: -0.2229
2024-12-03 16:04:01,752 - INFO - true_std: 0.4628
2024-12-03 16:04:01,752 - WARNING - No samples found for scenario: warm_both
2024-12-03 16:04:01,753 - INFO - Evaluation completed. Results saved to: metrics
2024-12-03 16:04:01,753 - INFO - 
Evaluation Summary:
2024-12-03 16:04:01,753 - INFO - Basic Metrics:
2024-12-03 16:04:01,753 - INFO - mse: 0.0001
2024-12-03 16:04:01,753 - INFO - rmse: 0.0105
2024-12-03 16:04:01,753 - INFO - mae: 0.0058
2024-12-03 16:04:01,753 - INFO - r2: 0.9995
2024-12-03 16:04:01,753 - INFO - pred_mean: -0.2261
2024-12-03 16:04:01,753 - INFO - pred_std: 0.4618
2024-12-03 16:04:01,754 - INFO - true_mean: -0.2229
2024-12-03 16:04:01,754 - INFO - true_std: 0.4628
2024-12-03 16:04:01,754 - INFO - 
Top-K Metrics:
2024-12-03 16:04:01,754 - INFO - ndcg@10: 0.9976
2024-12-03 16:04:01,754 - INFO - precision@10: 0.9000
2024-12-03 16:04:01,754 - INFO - recall@10: 0.9000
2024-12-03 16:04:01,754 - INFO - 
Bias Analysis:
2024-12-03 16:04:01,754 - INFO - bias_range_2: -0.0030
2024-12-03 16:04:01,754 - INFO - bias_range_3: -0.0011
2024-12-03 16:04:01,754 - INFO - bias_range_4: -0.0055
